2022-10-03 19:45:44.726  INFO 9908 --- [main] c.e.payroll.PayrollApplicationTests      : Starting PayrollApplicationTests using Java 11.0.2 on Ajwad-Laptop with PID 9908 (started by Ajwad Muhtasim Dip in D:\Backend Development\Spring Boot Applications\payroll)
2022-10-03 19:45:44.730  INFO 9908 --- [main] c.e.payroll.PayrollApplicationTests      : No active profile set, falling back to 1 default profile: "default"
2022-10-03 19:45:46.816  INFO 9908 --- [main] .s.d.r.c.RepositoryConfigurationDelegate : Bootstrapping Spring Data JPA repositories in DEFAULT mode.
2022-10-03 19:45:46.965  INFO 9908 --- [main] .s.d.r.c.RepositoryConfigurationDelegate : Finished Spring Data repository scanning in 95 ms. Found 1 JPA repository interfaces.
2022-10-03 19:45:49.021  INFO 9908 --- [main] com.zaxxer.hikari.HikariDataSource       : HikariPool-1 - Starting...
2022-10-03 19:45:49.630  INFO 9908 --- [main] com.zaxxer.hikari.HikariDataSource       : HikariPool-1 - Start completed.
2022-10-03 19:45:49.910  INFO 9908 --- [main] o.hibernate.jpa.internal.util.LogHelper  : HHH000204: Processing PersistenceUnitInfo [name: default]
2022-10-03 19:45:50.056  INFO 9908 --- [main] org.hibernate.Version                    : HHH000412: Hibernate ORM core version 5.6.11.Final
2022-10-03 19:45:50.549  INFO 9908 --- [main] o.hibernate.annotations.common.Version   : HCANN000001: Hibernate Commons Annotations {5.1.2.Final}
2022-10-03 19:45:50.885  INFO 9908 --- [main] org.hibernate.dialect.Dialect            : HHH000400: Using dialect: org.hibernate.dialect.H2Dialect
2022-10-03 19:45:52.350  INFO 9908 --- [main] o.h.e.t.j.p.i.JtaPlatformInitiator       : HHH000490: Using JtaPlatform implementation: [org.hibernate.engine.transaction.jta.platform.internal.NoJtaPlatform]
2022-10-03 19:45:52.368  INFO 9908 --- [main] j.LocalContainerEntityManagerFactoryBean : Initialized JPA EntityManagerFactory for persistence unit 'default'
2022-10-03 19:45:53.893  WARN 9908 --- [main] JpaBaseConfiguration$JpaWebConfiguration : spring.jpa.open-in-view is enabled by default. Therefore, database queries may be performed during view rendering. Explicitly configure spring.jpa.open-in-view to disable this warning
2022-10-03 19:45:55.195  INFO 9908 --- [main] c.e.payroll.PayrollApplicationTests      : Started PayrollApplicationTests in 11.246 seconds (JVM running for 14.364)
2022-10-03 19:45:55.443  INFO 9908 --- [main] com.example.payroll.LoadDatabase         : Preloading Employee{id=1, name='Bilbo Baggins', role='burglar'}
2022-10-03 19:45:55.446  INFO 9908 --- [main] com.example.payroll.LoadDatabase         : Preloading Employee{id=2, name='Frodo Baggins', role='thief'}
2022-10-03 19:45:55.449  INFO 9908 --- [main] com.example.payroll.LoadDatabase         : Preloading Employee{id=3, name='Aragorn', role='Ranger'}
2022-10-03 19:45:55.451  INFO 9908 --- [main] com.example.payroll.LoadDatabase         : Preloading Employee{id=4, name='Boromir', role='Lord'}
2022-10-03 19:45:55.465  INFO 9908 --- [main] com.example.payroll.LoadDatabase         : Preloading Employee{id=5, name='Legolas', role='Archer'}
2022-10-03 19:45:55.470  INFO 9908 --- [main] com.example.payroll.LoadDatabase         : Preloading Employee{id=6, name='Gimlli', role='Sprinter'}
2022-10-03 19:45:56.189  INFO 9908 --- [SpringApplicationShutdownHook] j.LocalContainerEntityManagerFactoryBean : Closing JPA EntityManagerFactory for persistence unit 'default'
2022-10-03 19:45:56.192  INFO 9908 --- [SpringApplicationShutdownHook] .SchemaDropperImpl$DelayedDropActionImpl : HHH000477: Starting delayed evictData of schema as part of SessionFactory shut-down'
2022-10-03 19:45:56.216  INFO 9908 --- [SpringApplicationShutdownHook] com.zaxxer.hikari.HikariDataSource       : HikariPool-1 - Shutdown initiated...
2022-10-03 19:45:56.248  INFO 9908 --- [SpringApplicationShutdownHook] com.zaxxer.hikari.HikariDataSource       : HikariPool-1 - Shutdown completed.
